TN:
SF:lib/src/test.ts
FNF:0
FNH:0
DA:38,1
DA:43,1
DA:45,1
LF:3
LH:3
BRF:0
BRH:0
end_of_record
TN:
SF:lib/src/components/asgardeo-sign-in-redirect.component.ts
FN:30,(anonymous_0)
FN:32,(anonymous_1)
FN:33,(anonymous_2)
FNF:3
FNH:2
FNDA:2,(anonymous_0)
FNDA:1,(anonymous_1)
FNDA:0,(anonymous_2)
DA:29,1
DA:30,2
DA:33,1
DA:34,0
DA:37,1
LF:5
LH:4
BRF:0
BRH:0
end_of_record
TN:
SF:lib/src/configs/asgardeo-config.ts
FNF:0
FNH:0
DA:23,1
LF:1
LH:1
BRF:0
BRH:0
end_of_record
TN:
SF:lib/src/guards/asgardeo-auth.guard.ts
FN:28,(anonymous_0)
FN:30,(anonymous_1)
FN:39,(anonymous_3)
FNF:3
FNH:3
FNDA:5,(anonymous_0)
FNDA:4,(anonymous_1)
FNDA:2,(anonymous_3)
DA:27,1
DA:28,5
DA:31,4
DA:32,4
DA:33,2
DA:36,2
DA:40,2
LF:7
LH:7
BRDA:32,0,0,2
BRDA:32,0,1,2
BRF:2
BRH:2
end_of_record
TN:
SF:lib/src/interceptors/asgardeo-auth.interceptor.ts
FN:30,(anonymous_0)
FN:34,(anonymous_1)
FN:38,(anonymous_2)
FN:47,(anonymous_3)
FN:59,(anonymous_4)
FN:62,(anonymous_5)
FNF:6
FNH:1
FNDA:1,(anonymous_0)
FNDA:0,(anonymous_1)
FNDA:0,(anonymous_2)
FNDA:0,(anonymous_3)
FNDA:0,(anonymous_4)
FNDA:0,(anonymous_5)
DA:29,1
DA:31,1
DA:32,1
DA:35,0
DA:36,0
DA:39,0
DA:40,0
DA:41,0
DA:42,0
DA:45,0
DA:48,0
DA:50,0
DA:55,0
DA:60,0
DA:61,0
DA:62,0
DA:63,0
DA:64,0
DA:69,0
LF:19
LH:3
BRDA:35,0,0,0
BRDA:35,0,1,0
BRDA:39,1,0,0
BRDA:39,1,1,0
BRDA:61,2,0,0
BRDA:61,2,1,0
BRDA:63,3,0,0
BRDA:63,3,1,0
BRDA:63,4,0,0
BRDA:63,4,1,0
BRDA:63,5,0,0
BRDA:63,5,1,0
BRF:12
BRH:0
end_of_record
TN:
SF:lib/src/models/asgardeo-spa.models.ts
FNF:0
FNH:0
LF:0
LH:0
BRF:0
BRH:0
end_of_record
TN:
SF:lib/src/services/asgardeo-auth.service.ts
FN:42,(anonymous_0)
FN:49,(anonymous_1)
FN:53,(anonymous_2)
FN:60,(anonymous_3)
FN:64,(anonymous_4)
FN:68,(anonymous_5)
FN:72,(anonymous_6)
FN:76,(anonymous_7)
FN:80,(anonymous_8)
FN:84,(anonymous_9)
FN:88,(anonymous_10)
FN:92,(anonymous_11)
FN:96,(anonymous_12)
FN:104,(anonymous_13)
FN:108,(anonymous_14)
FN:112,(anonymous_15)
FNF:16
FNH:16
FNDA:18,(anonymous_0)
FNDA:1,(anonymous_1)
FNDA:2,(anonymous_2)
FNDA:1,(anonymous_3)
FNDA:1,(anonymous_4)
FNDA:1,(anonymous_5)
FNDA:1,(anonymous_6)
FNDA:1,(anonymous_7)
FNDA:1,(anonymous_8)
FNDA:1,(anonymous_9)
FNDA:1,(anonymous_10)
FNDA:1,(anonymous_11)
FNDA:2,(anonymous_12)
FNDA:1,(anonymous_13)
FNDA:1,(anonymous_14)
FNDA:1,(anonymous_15)
DA:39,1
DA:43,18
DA:44,18
DA:45,18
DA:46,18
DA:50,1
DA:54,2
DA:55,2
DA:57,2
DA:61,1
DA:65,1
DA:69,1
DA:73,1
DA:77,1
DA:81,1
DA:85,1
DA:89,1
DA:93,1
DA:97,2
DA:98,1
DA:101,1
DA:105,1
DA:109,1
DA:113,1
LF:24
LH:24
BRDA:97,0,0,1
BRDA:97,0,1,1
BRF:2
BRH:2
end_of_record
TN:
SF:lib/src/services/asgardeo-navigator.service.ts
FN:29,(anonymous_0)
FN:38,(anonymous_1)
FN:47,(anonymous_2)
FN:51,(anonymous_3)
FN:55,(anonymous_4)
FN:59,(anonymous_5)
FNF:6
FNH:6
FNDA:9,(anonymous_0)
FNDA:2,(anonymous_1)
FNDA:1,(anonymous_2)
FNDA:2,(anonymous_3)
FNDA:1,(anonymous_4)
FNDA:1,(anonymous_5)
DA:26,1
DA:30,9
DA:31,9
DA:34,2
DA:39,2
DA:40,1
DA:43,1
DA:48,1
DA:52,2
DA:56,1
DA:60,1
DA:61,1
DA:64,0
LF:13
LH:12
BRDA:39,0,0,1
BRDA:39,0,1,1
BRDA:52,1,0,2
BRDA:52,1,1,1
BRDA:60,2,0,1
BRDA:60,2,1,0
BRF:6
BRH:5
end_of_record
